Added Component: Designator=Btn(SW_6x6)
Added Component: Designator=C1(0603)
Added Component: Designator=C2(0603)
Added Component: Designator=C3(CAPPR1.5-4x5)
Added Component: Designator=C4(0603)
Added Component: Designator=C8(CAPPR1.5-4x5)
Added Component: Designator=C9(CAPPR1.5-4x5)
Added Component: Designator=C10(0603)
Added Component: Designator=C11(0603)
Added Component: Designator=D_ON(0603)
Added Component: Designator=J1(MICRO-USB)
Added Component: Designator=JL(sip-3)
Added Component: Designator=JR(sip-3)
Added Component: Designator=Jusb(sip-5)
Added Component: Designator=Key_a1(gamepad)
Added Component: Designator=Key_a2(gamepad)
Added Component: Designator=Key_b1(gamepad)
Added Component: Designator=Key_b2(gamepad)
Added Component: Designator=Key_Down(gamepad)
Added Component: Designator=Key_L1(gamepad)
Added Component: Designator=Key_L2(gamepad)
Added Component: Designator=Key_Left(GamePad)
Added Component: Designator=Key_R1(gamepad)
Added Component: Designator=Key_R2(gamepad)
Added Component: Designator=Key_Right(gamepad)
Added Component: Designator=Key_UP(gamepad)
Added Component: Designator=Q1(sot23-3)
Added Component: Designator=Q2(sot23-3)
Added Component: Designator=R1(0603)
Added Component: Designator=R2(0603)
Added Component: Designator=R3(0603)
Added Component: Designator=R4(0603)
Added Component: Designator=R11(0603)
Added Component: Designator=R12(0603)
Added Component: Designator=R13(0603)
Added Component: Designator=R15(0603)
Added Component: Designator=R18(0603)
Added Component: Designator=R_F1(AXIAL-0.4)
Added Component: Designator=RIIC1(0603)
Added Component: Designator=RIIC2(0603)
Added Component: Designator=Rreset(0603)
Added Component: Designator=RSET(0603)
Added Component: Designator=U1(ESP_12)
Added Component: Designator=U2(sop16)
Added Component: Designator=U3(sot-223)
Added Component: Designator=U5(sot-23-5)
Added Pin To Net: NetName=+3V3 Pin=C3-1
Added Pin To Net: NetName=+3V3 Pin=C4-2
Added Pin To Net: NetName=+3V3 Pin=C8-1
Added Pin To Net: NetName=+3V3 Pin=C9-1
Added Pin To Net: NetName=+3V3 Pin=R11-1
Added Pin To Net: NetName=+3V3 Pin=R12-2
Added Pin To Net: NetName=+3V3 Pin=R13-2
Added Pin To Net: NetName=+3V3 Pin=R18-1
Added Pin To Net: NetName=+3V3 Pin=RIIC1-1
Added Pin To Net: NetName=+3V3 Pin=RIIC2-1
Added Pin To Net: NetName=+3V3 Pin=Rreset-1
Added Pin To Net: NetName=+3V3 Pin=U2-4
Added Pin To Net: NetName=+3V3 Pin=U2-16
Added Pin To Net: NetName=+3V3 Pin=U3-2
Added Pin To Net: NetName=+3V3 Pin=U3-4
Added Pin To Net: NetName=+3V3 Pin=U5-4
Added Net: Name=+3V3
Added Pin To Net: NetName=ADC Pin=U1-2
Added Net: Name=ADC
Added Pin To Net: NetName=D2 Pin=Btn-3
Added Pin To Net: NetName=D2 Pin=Btn-4
Added Pin To Net: NetName=D2 Pin=JL-3
Added Pin To Net: NetName=D2 Pin=Key_a1-2
Added Pin To Net: NetName=D2 Pin=Key_L1-2
Added Pin To Net: NetName=D2 Pin=Key_Left-2
Added Pin To Net: NetName=D2 Pin=Rreset-2
Added Pin To Net: NetName=D2 Pin=U1-4
Added Net: Name=D2
Added Pin To Net: NetName=D3 Pin=Key_a1-1
Added Pin To Net: NetName=D3 Pin=Key_a2-1
Added Pin To Net: NetName=D3 Pin=Key_b1-1
Added Pin To Net: NetName=D3 Pin=Key_b2-1
Added Pin To Net: NetName=D3 Pin=U1-14
Added Net: Name=D3
Added Pin To Net: NetName=D4 Pin=JL-2
Added Pin To Net: NetName=D4 Pin=JR-2
Added Pin To Net: NetName=D4 Pin=Key_L1-1
Added Pin To Net: NetName=D4 Pin=Key_L2-1
Added Pin To Net: NetName=D4 Pin=Key_R1-1
Added Pin To Net: NetName=D4 Pin=Key_R2-1
Added Pin To Net: NetName=D4 Pin=U1-13
Added Net: Name=D4
Added Pin To Net: NetName=D5 Pin=JL-1
Added Pin To Net: NetName=D5 Pin=Key_b1-2
Added Pin To Net: NetName=D5 Pin=Key_Down-2
Added Pin To Net: NetName=D5 Pin=Key_L2-2
Added Pin To Net: NetName=D5 Pin=RIIC1-2
Added Pin To Net: NetName=D5 Pin=U1-5
Added Pin To Net: NetName=D5 Pin=U5-1
Added Net: Name=D5
Added Pin To Net: NetName=D6 Pin=JR-1
Added Pin To Net: NetName=D6 Pin=Key_a2-2
Added Pin To Net: NetName=D6 Pin=Key_R2-2
Added Pin To Net: NetName=D6 Pin=Key_UP-2
Added Pin To Net: NetName=D6 Pin=RIIC2-2
Added Pin To Net: NetName=D6 Pin=U1-6
Added Pin To Net: NetName=D6 Pin=U5-3
Added Net: Name=D6
Added Pin To Net: NetName=D7 Pin=JR-3
Added Pin To Net: NetName=D7 Pin=Key_b2-2
Added Pin To Net: NetName=D7 Pin=Key_R1-2
Added Pin To Net: NetName=D7 Pin=Key_Right-2
Added Pin To Net: NetName=D7 Pin=U1-7
Added Net: Name=D7
Added Pin To Net: NetName=D8 Pin=D_ON-2
Added Pin To Net: NetName=D8 Pin=Q1-1
Added Pin To Net: NetName=D8 Pin=R13-1
Added Pin To Net: NetName=D8 Pin=U1-12
Added Pin To Net: NetName=D8 Pin=U5-5
Added Net: Name=D8
Added Pin To Net: NetName=D9 Pin=Key_Down-1
Added Pin To Net: NetName=D9 Pin=Key_Left-1
Added Pin To Net: NetName=D9 Pin=Key_Right-1
Added Pin To Net: NetName=D9 Pin=Key_UP-1
Added Pin To Net: NetName=D9 Pin=U1-11
Added Net: Name=D9
Added Pin To Net: NetName=D+ Pin=J1-3
Added Pin To Net: NetName=D+ Pin=Jusb-3
Added Pin To Net: NetName=D+ Pin=U2-5
Added Net: Name=D+
Added Pin To Net: NetName=D- Pin=J1-2
Added Pin To Net: NetName=D- Pin=Jusb-2
Added Pin To Net: NetName=D- Pin=U2-6
Added Net: Name=D-
Added Pin To Net: NetName=DTR Pin=Q1-3
Added Pin To Net: NetName=DTR Pin=R1-2
Added Pin To Net: NetName=DTR Pin=U2-13
Added Net: Name=DTR
Added Pin To Net: NetName=EN Pin=R11-2
Added Pin To Net: NetName=EN Pin=U1-3
Added Net: Name=EN
Added Pin To Net: NetName=GND Pin=C1-1
Added Pin To Net: NetName=GND Pin=C2-1
Added Pin To Net: NetName=GND Pin=C3-2
Added Pin To Net: NetName=GND Pin=C4-1
Added Pin To Net: NetName=GND Pin=C8-2
Added Pin To Net: NetName=GND Pin=C9-2
Added Pin To Net: NetName=GND Pin=C10-1
Added Pin To Net: NetName=GND Pin=C11-1
Added Pin To Net: NetName=GND Pin=J1-5
Added Pin To Net: NetName=GND Pin=Jusb-5
Added Pin To Net: NetName=GND Pin=R15-2
Added Pin To Net: NetName=GND Pin=RSET-1
Added Pin To Net: NetName=GND Pin=U1-9
Added Pin To Net: NetName=GND Pin=U2-1
Added Pin To Net: NetName=GND Pin=U3-1
Added Pin To Net: NetName=GND Pin=U5-2
Added Net: Name=GND
Added Pin To Net: NetName=ID Pin=Jusb-4
Added Net: Name=ID
Added Pin To Net: NetName=NetBtn_1 Pin=Btn-1
Added Pin To Net: NetName=NetBtn_1 Pin=Btn-2
Added Pin To Net: NetName=NetBtn_1 Pin=RSET-2
Added Net: Name=NetBtn_1
Added Pin To Net: NetName=NetC10_2 Pin=C10-2
Added Pin To Net: NetName=NetC10_2 Pin=U1-8
Added Net: Name=NetC10_2
Added Pin To Net: NetName=NetD_ON_1 Pin=D_ON-1
Added Pin To Net: NetName=NetD_ON_1 Pin=R18-2
Added Net: Name=NetD_ON_1
Added Pin To Net: NetName=NetJ1_1 Pin=J1-1
Added Pin To Net: NetName=NetJ1_1 Pin=R_F1-1
Added Net: Name=NetJ1_1
Added Pin To Net: NetName=NetQ1_2 Pin=Q1-2
Added Pin To Net: NetName=NetQ1_2 Pin=R2-1
Added Net: Name=NetQ1_2
Added Pin To Net: NetName=NetQ2_2 Pin=Q2-2
Added Pin To Net: NetName=NetQ2_2 Pin=R1-1
Added Net: Name=NetQ2_2
Added Pin To Net: NetName=NetR3_2 Pin=R3-2
Added Pin To Net: NetName=NetR3_2 Pin=U2-2
Added Net: Name=NetR3_2
Added Pin To Net: NetName=NetR4_2 Pin=R4-2
Added Pin To Net: NetName=NetR4_2 Pin=U2-3
Added Net: Name=NetR4_2
Added Pin To Net: NetName=NetR15_1 Pin=R15-1
Added Pin To Net: NetName=NetR15_1 Pin=U1-10
Added Net: Name=NetR15_1
Added Pin To Net: NetName=RESET Pin=C11-2
Added Pin To Net: NetName=RESET Pin=Q2-1
Added Pin To Net: NetName=RESET Pin=R12-1
Added Pin To Net: NetName=RESET Pin=U1-1
Added Net: Name=RESET
Added Pin To Net: NetName=RTS Pin=Q2-3
Added Pin To Net: NetName=RTS Pin=R2-2
Added Pin To Net: NetName=RTS Pin=U2-14
Added Net: Name=RTS
Added Pin To Net: NetName=RX Pin=R3-1
Added Pin To Net: NetName=RX Pin=U1-15
Added Net: Name=RX
Added Pin To Net: NetName=TX Pin=R4-1
Added Pin To Net: NetName=TX Pin=U1-16
Added Net: Name=TX
Added Pin To Net: NetName=USBVCC Pin=Jusb-1
Added Pin To Net: NetName=USBVCC Pin=R_F1-2
Added Pin To Net: NetName=USBVCC Pin=U3-3
Added Net: Name=USBVCC
Added Pin To Net: NetName=XI Pin=C1-2
Added Pin To Net: NetName=XI Pin=U2-7
Added Net: Name=XI
Added Pin To Net: NetName=XO Pin=C2-2
Added Pin To Net: NetName=XO Pin=U2-8
Added Net: Name=XO
